<?xml version="1.0" encoding="UTF-8"?>
<!-- Generated by org.testng.reporters.JUnitReportReporter -->
<testsuite hostname="LAPTOP-INDRA" failures="0" tests="1" name="TestAPI.API_GetAndPost" time="4.830" errors="0" timestamp="2024-01-05T13:31:44 IST" skipped="0">
  <testcase classname="TestAPI.API_GetAndPost" name="testPost" time="4.830"/>
</testsuite> <!-- TestAPI.API_GetAndPost -->
