<?xml version="1.0" encoding="UTF-8"?>
<!-- Generated by org.testng.reporters.JUnitReportReporter -->
<testsuite hostname="LAPTOP-INDRA" failures="0" tests="1" name="TestAPI.SOAP_XML_Request" time="5.623" errors="0" timestamp="2024-01-05T23:46:17 IST" skipped="0">
  <testcase classname="TestAPI.SOAP_XML_Request" name="validateSoapXML" time="5.623"/>
</testsuite> <!-- TestAPI.SOAP_XML_Request -->
