<?xml version="1.0" encoding="UTF-8"?>
<!-- Generated by org.testng.reporters.JUnitReportReporter -->
<testsuite hostname="LAPTOP-INDRA" failures="0" tests="1" name="validator.JSONSchemaValidator" time="5.057" errors="0" timestamp="2024-01-08T16:16:37 IST" skipped="0">
  <testcase classname="validator.JSONSchemaValidator" name="doGet" time="5.057"/>
</testsuite> <!-- validator.JSONSchemaValidator -->
