<?xml version="1.0" encoding="UTF-8"?>
<!-- Generated by org.testng.reporters.JUnitReportReporter -->
<testsuite hostname="LAPTOP-INDRA" failures="0" tests="1" name="TestAPI.TestLocalAPI" time="3.316" errors="0" timestamp="2024-01-05T19:56:45 IST" skipped="0">
  <testcase classname="TestAPI.TestLocalAPI" name="doDelete" time="3.316"/>
</testsuite> <!-- TestAPI.TestLocalAPI -->
