<?xml version="1.0" encoding="UTF-8"?>
<!-- Generated by org.testng.reporters.JUnitReportReporter -->
<testsuite hostname="LAPTOP-INDRA" failures="0" tests="1" name="TestAPI.API_PutPatchAndDelete" time="3.584" errors="0" timestamp="2024-01-03T21:34:40 IST" skipped="0">
  <testcase classname="TestAPI.API_PutPatchAndDelete" name="testPatch" time="3.584"/>
</testsuite> <!-- TestAPI.API_PutPatchAndDelete -->
