<?xml version="1.0" encoding="UTF-8"?>
<!-- Generated by org.testng.reporters.JUnitReportReporter -->
<testsuite hostname="LAPTOP-INDRA" failures="0" tests="1" name="TestAPI.TestAPI" time="4.461" errors="0" timestamp="2024-01-03T15:33:46 IST" skipped="0">
  <testcase classname="TestAPI.TestAPI" name="test_2" time="4.461"/>
</testsuite> <!-- TestAPI.TestAPI -->
