<?xml version="1.0" encoding="UTF-8"?>
<!-- Generated by org.testng.reporters.JUnitReportReporter -->
<testsuite hostname="LAPTOP-INDRA" failures="0" tests="1" name="TestAPI.TestAPI" time="3.495" errors="0" timestamp="2024-01-06T21:03:49 IST" skipped="0">
  <testcase classname="TestAPI.TestAPI" name="test_1" time="3.495"/>
</testsuite> <!-- TestAPI.TestAPI -->
