<?xml version="1.0" encoding="UTF-8"?>
<!-- Generated by org.testng.reporters.JUnitReportReporter -->
<testsuite hostname="LAPTOP-INDRA" failures="0" tests="1" name="validator.JSONSchemaValidator" time="4.089" errors="0" timestamp="2024-01-05T20:27:20 IST" skipped="0">
  <testcase classname="validator.JSONSchemaValidator" name="doGet" time="4.089"/>
</testsuite> <!-- validator.JSONSchemaValidator -->
